<?xml version="1.0" encoding="UTF-8" ?>
<testsuite errors="0" failures="1" hostname="FEDERICO-PC" name="com.google.gwt.sample.stockwatcher.StockWatcherSuite" skipped="0" tests="1" time="20.464" timestamp="2017-04-16T23:04:01">
  <properties>
    <property name="java.vendor" value="Oracle Corporation"></property>
    <property name="sun.java.launcher" value="SUN_STANDARD"></property>
    <property name="sun.management.compiler" value="HotSpot 64-Bit Tiered Compilers"></property>
    <property name="os.name" value="Windows 10"></property>
    <property name="sun.boot.class.path" value="C:\Program Files\Java\jdk1.8.0_111\jre\lib\resources.jar;C:\Program Files\Java\jdk1.8.0_111\jre\lib\rt.jar;C:\Program Files\Java\jdk1.8.0_111\jre\lib\sunrsasign.jar;C:\Program Files\Java\jdk1.8.0_111\jre\lib\jsse.jar;C:\Program Files\Java\jdk1.8.0_111\jre\lib\jce.jar;C:\Program Files\Java\jdk1.8.0_111\jre\lib\charsets.jar;C:\Program Files\Java\jdk1.8.0_111\jre\lib\jfr.jar;C:\Program Files\Java\jdk1.8.0_111\jre\classes"></property>
    <property name="gwt.sdk" value="C:\google\gwt-2.8.0"></property>
    <property name="sun.desktop" value="windows"></property>
    <property name="java.vm.specification.vendor" value="Oracle Corporation"></property>
    <property name="ant.home" value="C:\Program Files\Apache\ant\apache-ant-1.10.0"></property>
    <property name="java.runtime.version" value="1.8.0_111-b14"></property>
    <property name="ant.file.StockWatcher" value="C:\NunaIT\Training\GWT\StockWatcher\build.xml"></property>
    <property name="ant.file.type.StockWatcher" value="file"></property>
    <property name="user.name" value="Federico"></property>
    <property name="user.language" value="es"></property>
    <property name="sun.boot.library.path" value="C:\Program Files\Java\jdk1.8.0_111\jre\bin"></property>
    <property name="ant.project.default-target" value="build"></property>
    <property name="ant.project.name" value="StockWatcher"></property>
    <property name="java.version" value="1.8.0_111"></property>
    <property name="user.timezone" value=""></property>
    <property name="sun.arch.data.model" value="64"></property>
    <property name="java.endorsed.dirs" value="C:\Program Files\Java\jdk1.8.0_111\jre\lib\endorsed"></property>
    <property name="sun.cpu.isalist" value="amd64"></property>
    <property name="sun.jnu.encoding" value="Cp1252"></property>
    <property name="file.encoding.pkg" value="sun.io"></property>
    <property name="file.separator" value="\"></property>
    <property name="java.specification.name" value="Java Platform API Specification"></property>
    <property name="java.class.version" value="52.0"></property>
    <property name="user.country" value="AR"></property>
    <property name="java.home" value="C:\Program Files\Java\jdk1.8.0_111\jre"></property>
    <property name="java.vm.info" value="mixed mode"></property>
    <property name="ant.file" value="C:\NunaIT\Training\GWT\StockWatcher\build.xml"></property>
    <property name="os.version" value="10.0"></property>
    <property name="path.separator" value=";"></property>
    <property name="java.vm.version" value="25.111-b14"></property>
    <property name="user.variant" value=""></property>
    <property name="ant.library.dir" value="C:\Program Files\Apache\ant\apache-ant-1.10.0\lib"></property>
    <property name="java.awt.printerjob" value="sun.awt.windows.WPrinterJob"></property>
    <property name="sun.io.unicode.encoding" value="UnicodeLittle"></property>
    <property name="awt.toolkit" value="sun.awt.windows.WToolkit"></property>
    <property name="sun.stdout.encoding" value="cp850"></property>
    <property name="user.script" value=""></property>
    <property name="user.home" value="C:\Users\Federico"></property>
    <property name="java.specification.vendor" value="Oracle Corporation"></property>
    <property name="java.library.path" value="C:\Program Files\Java\jdk1.8.0_111\jre\bin;C:\WINDOWS\Sun\Java\bin;C:\WINDOWS\system32;C:\WINDOWS;C:/Program Files/Java/jdk1.8.0_111/bin/../jre/bin/server;C:/Program Files/Java/jdk1.8.0_111/bin/../jre/bin;C:/Program Files/Java/jdk1.8.0_111/bin/../jre/lib/amd64;C:\Program Files\Java\jdk1.8.0_111;C:\Program Files\Apache\Maven\apache-maven-3.3.9\bin;C:\Program Files\Java\jdk1.8.0_111\bin;C:\ProgramData\Oracle\Java\javapath;C:\WINDOWS\system32;C:\WINDOWS;C:\WINDOWS\System32\Wbem;C:\WINDOWS\System32\WindowsPowerShell\v1.0\;C:\Program Files\Git\cmd;C:\Program Files (x86)\Inno Setup 5;C:\Program Files (x86)\WiX Toolset v3.10\bin;C:\Program Files\Apache\ant\apache-ant-1.10.0\bin;C:\Program Files\Apache\ant\apache-ant-1.10.0\lib;C:\WINDOWS\system32\config\systemprofile\.dnx\bin;C:\Program Files\Microsoft DNX\Dnvm\;C:\Program Files\Microsoft SQL Server\130\Tools\Binn\;C:\Program Files\Apache\xalan\xalan-j_2_7_2\xalan.jar;C:\Program Files\Apache\xalan\xalan-j_2_7_2\xercesImpl.jar;C:\Program Files\Apache\xalan\xalan-j_2_7_2\xml-apis.jar;C:\Program Files\Apache\xalan\xalan-j_2_7_2\serializer.jar;C:\Program Files\MySQL\MySQL Utilities 1.6\;C:\Program Files\Cobertura\cobertura-2.1.1;C:\Program Files\Notepad++;C:\google\gwt-2.8.0;C:\Users\Federico\AppData\Local\Microsoft\WindowsApps;;C:\Users\Federico\Desktop;;."></property>
    <property name="java.vendor.url" value="http://java.oracle.com/"></property>
    <property name="java.vm.vendor" value="Oracle Corporation"></property>
    <property name="java.runtime.name" value="Java(TM) SE Runtime Environment"></property>
    <property name="sun.java.command" value="org.apache.tools.ant.taskdefs.optional.junit.JUnitTestRunner com.google.gwt.sample.stockwatcher.StockWatcherSuite skipNonTests=false filtertrace=true haltOnError=false haltOnFailure=true formatter=org.apache.tools.ant.taskdefs.optional.junit.SummaryJUnitResultFormatter showoutput=false outputtoformatters=true logfailedtests=true threadid=0 logtestlistenerevents=false formatter=org.apache.tools.ant.taskdefs.optional.junit.PlainJUnitResultFormatter,C:\NunaIT\Training\GWT\StockWatcher\reports\htmlunit.dev\TEST-com.google.gwt.sample.stockwatcher.StockWatcherSuite.txt formatter=org.apache.tools.ant.taskdefs.optional.junit.XMLJUnitResultFormatter,C:\NunaIT\Training\GWT\StockWatcher\reports\htmlunit.dev\TEST-com.google.gwt.sample.stockwatcher.StockWatcherSuite.xml crashfile=C:\NunaIT\Training\GWT\StockWatcher\junitvmwatcher6427859161409883303.properties propsfile=C:\NunaIT\Training\GWT\StockWatcher\junit2071531853612821176.properties"></property>
    <property name="java.class.path" value="C:\NunaIT\Training\GWT\StockWatcher\src;C:\NunaIT\Training\GWT\StockWatcher\test;C:\NunaIT\Training\GWT\StockWatcher\war\WEB-INF\classes;C:\google\gwt-2.8.0\gwt-user.jar;C:\google\gwt-2.8.0\gwt-dev.jar;C:\google\gwt-2.8.0\validation-api-1.0.0.GA.jar;C:\google\gwt-2.8.0\validation-api-1.0.0.GA-sources.jar;C:\NunaIT\Training\GWT\StockWatcher\war\WEB-INF\lib\appengine-api-1.0-sdk-1.9.34.jar;C:\NunaIT\Training\GWT\StockWatcher\war\WEB-INF\lib\appengine-api-labs.jar;C:\NunaIT\Training\GWT\StockWatcher\war\WEB-INF\lib\appengine-endpoints-deps.jar;C:\NunaIT\Training\GWT\StockWatcher\war\WEB-INF\lib\appengine-endpoints.jar;C:\NunaIT\Training\GWT\StockWatcher\war\WEB-INF\lib\appengine-jsr107cache-1.9.34.jar;C:\NunaIT\Training\GWT\StockWatcher\war\WEB-INF\lib\datanucleus-appengine-1.0.10.final.jar;C:\NunaIT\Training\GWT\StockWatcher\war\WEB-INF\lib\datanucleus-core-1.1.5.jar;C:\NunaIT\Training\GWT\StockWatcher\war\WEB-INF\lib\datanucleus-jpa-1.1.5.jar;C:\NunaIT\Training\GWT\StockWatcher\war\WEB-INF\lib\geronimo-jpa_3.0_spec-1.1.1.jar;C:\NunaIT\Training\GWT\StockWatcher\war\WEB-INF\lib\geronimo-jta_1.1_spec-1.1.1.jar;C:\NunaIT\Training\GWT\StockWatcher\war\WEB-INF\lib\gwt-servlet-deps.jar;C:\NunaIT\Training\GWT\StockWatcher\war\WEB-INF\lib\gwt-servlet.jar;C:\NunaIT\Training\GWT\StockWatcher\war\WEB-INF\lib\jdo2-api-2.3-eb.jar;C:\NunaIT\Training\GWT\StockWatcher\war\WEB-INF\lib\jsr107cache-1.1.jar;C:\Users\Federico\.p2\pool\plugins\org.junit_4.12.0.v201504281640\junit.jar;C:\Program Files\Apache\ant\apache-ant-1.10.0\lib\ant-launcher.jar;C:\Program Files\Apache\ant\apache-ant-1.10.0\lib\ant.jar;C:\Program Files\Apache\ant\apache-ant-1.10.0\lib\ant-junit.jar;C:\Program Files\Apache\ant\apache-ant-1.10.0\lib\ant-junit4.jar"></property>
    <property name="ant.version" value="Apache Ant(TM) version 1.10.0 compiled on December 27 2016"></property>
    <property name="java.vm.specification.name" value="Java Virtual Machine Specification"></property>
    <property name="ant.file.type" value="file"></property>
    <property name="java.vm.specification.version" value="1.8"></property>
    <property name="sun.cpu.endian" value="little"></property>
    <property name="sun.os.patch.level" value=""></property>
    <property name="java.awt.headless" value="true"></property>
    <property name="java.io.tmpdir" value="C:\Users\Federico\AppData\Local\Temp\"></property>
    <property name="java.vendor.url.bug" value="http://bugreport.sun.com/bugreport/"></property>
    <property name="os.arch" value="amd64"></property>
    <property name="java.awt.graphicsenv" value="sun.awt.Win32GraphicsEnvironment"></property>
    <property name="java.ext.dirs" value="C:\Program Files\Java\jdk1.8.0_111\jre\lib\ext;C:\WINDOWS\Sun\Java\lib\ext"></property>
    <property name="user.dir" value="C:\NunaIT\Training\GWT\StockWatcher"></property>
    <property name="line.separator" value="
"></property>
    <property name="java.vm.name" value="Java HotSpot(TM) 64-Bit Server VM"></property>
    <property name="basedir" value="C:\NunaIT\Training\GWT\StockWatcher"></property>
    <property name="gwt.args" value="-devMode -logLevel WARN -war www-test"></property>
    <property name="ant.java.version" value="1.8"></property>
    <property name="ant.core.lib" value="C:\Program Files\Apache\ant\apache-ant-1.10.0\lib\ant.jar"></property>
    <property name="sun.stderr.encoding" value="cp850"></property>
    <property name="file.encoding" value="Cp1252"></property>
    <property name="java.specification.version" value="1.8"></property>
    <property name="ant.project.invoked-targets" value="test.dev"></property>
  </properties>
  <testcase classname="com.google.gwt.sample.stockwatcher.client.StockWatcherTest" name="testStockPriceCtor" time="19.874">
    <failure message="expected: within &lt;0.001&gt; of &lt;2.0&gt;, actual: &lt;2.857142857142857&gt;" type="junit.framework.AssertionFailedError">junit.framework.AssertionFailedError: expected: within &lt;0.001&gt; of &lt;2.0&gt;, actual: &lt;2.857142857142857&gt;
	at com.google.gwt.sample.stockwatcher.client.StockWatcherTest.testStockPriceCtor(StockWatcherTest.java:38)
	at com.google.gwt.junit.client.impl.GWTTestAccessor.invoke(GWTTestAccessor.java:39)
	at com.google.gwt.junit.client.impl.GWTRunner.executeTestMethod(GWTRunner.java:226)
	at com.google.gwt.junit.client.GWTTestCase.doRunTest(GWTTestCase.java:157)
	at com.google.gwt.junit.client.GWTTestCase.runBare(GWTTestCase.java:151)
	at com.google.gwt.junit.client.GWTTestCase.__doRunTest(GWTTestCase.java:115)
	at com.google.gwt.junit.client.impl.GWTRunner.runTest(GWTRunner.java:302)
	at com.google.gwt.junit.client.impl.GWTRunner.doRunTest(GWTRunner.java:235)
	at com.google.gwt.junit.client.impl.GWTRunner.access$9(GWTRunner.java:229)
	at com.google.gwt.junit.client.impl.GWTRunner$TestBlockListener.onSuccess(GWTRunner.java:106)
	at com.google.gwt.junit.client.impl.GWTRunner$InitialResponseListener.onSuccess(GWTRunner.java:61)
	at com.google.gwt.junit.client.impl.GWTRunner$InitialResponseListener.onSuccess(GWTRunner.java:1)
	at com.google.gwt.user.client.rpc.impl.RequestCallbackAdapter.onResponseReceived(RequestCallbackAdapter.java:232)
	at com.google.gwt.http.client.Request.fireOnResponseReceived(Request.java:250)
	at com.google.gwt.http.client.RequestBuilder$1.onReadyStateChange(RequestBuilder.java:412)
	at com.google.gwt.dev.shell.MethodAdaptor.invoke(MethodAdaptor.java:103)
	at com.google.gwt.dev.shell.MethodDispatch.invoke(MethodDispatch.java:72)
	at com.google.gwt.dev.shell.OophmSessionHandler.invoke(OophmSessionHandler.java:172)
	at com.google.gwt.dev.shell.BrowserChannelServer.reactToMessagesWhileWaitingForReturn(BrowserChannelServer.java:341)
	at com.google.gwt.dev.shell.BrowserChannelServer.invokeJavascript(BrowserChannelServer.java:222)
	at com.google.gwt.dev.shell.ModuleSpaceOOPHM.doInvoke(ModuleSpaceOOPHM.java:121)
	at com.google.gwt.dev.shell.ModuleSpace.invokeNative(ModuleSpace.java:573)
	at com.google.gwt.dev.shell.ModuleSpace.invokeNativeObject(ModuleSpace.java:293)
	at com.google.gwt.dev.shell.JavaScriptHost.invokeNativeObject(JavaScriptHost.java:91)
	at com.google.gwt.core.client.impl.Impl.apply(Impl.java)
	at com.google.gwt.core.client.impl.Impl.entry0(Impl.java:298)
	at com.google.gwt.dev.shell.MethodAdaptor.invoke(MethodAdaptor.java:103)
	at com.google.gwt.dev.shell.MethodDispatch.invoke(MethodDispatch.java:72)
	at com.google.gwt.dev.shell.OophmSessionHandler.invoke(OophmSessionHandler.java:172)
	at com.google.gwt.dev.shell.BrowserChannelServer.reactToMessages(BrowserChannelServer.java:296)
	at com.google.gwt.dev.shell.BrowserChannelServer.processConnection(BrowserChannelServer.java:551)
	at com.google.gwt.dev.shell.BrowserChannelServer.run(BrowserChannelServer.java:368)
	at java.lang.Thread.run(Thread.java:745)
</failure>
  </testcase>
  <system-out><![CDATA[]]></system-out>
  <system-err><![CDATA[]]></system-err>
</testsuite>
