<?xml version="1.0" encoding="UTF-8" ?>
<testsuite tests="1" failures="0" name="org.gwtproject.tutorial.client.GwtTestTodoList" time="58.759" errors="0" skipped="0">
  <properties>
    <property name="java.runtime.name" value="Java(TM) SE Runtime Environment"/>
    <property name="sun.boot.library.path" value="C:\Program Files\Java\jdk1.8.0_111\jre\bin"/>
    <property name="java.vm.version" value="25.111-b14"/>
    <property name="org.w3c.css.sac.parser" value="com.steadystate.css.parser.SACParserCSS3"/>
    <property name="java.vm.vendor" value="Oracle Corporation"/>
    <property name="java.vendor.url" value="http://java.oracle.com/"/>
    <property name="path.separator" value=";"/>
    <property name="java.vm.name" value="Java HotSpot(TM) 64-Bit Server VM"/>
    <property name="file.encoding.pkg" value="sun.io"/>
    <property name="user.script" value=""/>
    <property name="user.country" value="AR"/>
    <property name="sun.java.launcher" value="SUN_STANDARD"/>
    <property name="sun.os.patch.level" value=""/>
    <property name="surefire.reports" value="C:\NunaIT\Training\GWT\TodoList\target\surefire-reports"/>
    <property name="java.vm.specification.name" value="Java Virtual Machine Specification"/>
    <property name="user.dir" value="C:\NunaIT\Training\GWT\TodoList"/>
    <property name="java.runtime.version" value="1.8.0_111-b14"/>
    <property name="java.awt.graphicsenv" value="sun.awt.Win32GraphicsEnvironment"/>
    <property name="java.endorsed.dirs" value="C:\Program Files\Java\jdk1.8.0_111\jre\lib\endorsed"/>
    <property name="os.arch" value="amd64"/>
    <property name="java.io.tmpdir" value="C:\Users\Federico\AppData\Local\Temp\"/>
    <property name="line.separator" value="
"/>
    <property name="java.vm.specification.vendor" value="Oracle Corporation"/>
    <property name="user.variant" value=""/>
    <property name="os.name" value="Windows 10"/>
    <property name="sun.jnu.encoding" value="Cp1252"/>
    <property name="java.library.path" value="C:\Program Files\Java\jdk1.8.0_111\jre\bin;C:\WINDOWS\Sun\Java\bin;C:\WINDOWS\system32;C:\WINDOWS;C:\Users\Federico\bin;C:\Program Files\Git\mingw64\bin;C:\Program Files\Git\usr\local\bin;C:\Program Files\Git\usr\bin;C:\Program Files\Git\usr\bin;C:\Program Files\Git\mingw64\bin;C:\Program Files\Git\usr\bin;C:\Users\Federico\bin;C:\Program Files\Java\jdk1.8.0_111\jre\bin\server;C:\Program Files\Java\jdk1.8.0_111\jre\bin;C:\Program Files\Java\jdk1.8.0_111\jre\lib\amd64;C:\Program Files\PHP\v7.1;C:\WINDOWS\system32\inetsrv;C:\Program Files\Java\jdk1.8.0_111;C:\Program Files\Apache\Maven\apache-maven-3.3.9\bin;C:\Program Files\Java\jdk1.8.0_111\bin;C:\ProgramData\Oracle\Java\javapath;C:\WINDOWS\system32;C:\WINDOWS;C:\WINDOWS\System32\Wbem;C:\WINDOWS\System32\WindowsPowerShell\v1.0;C:\Program Files\Git\cmd;C:\Program Files (x86)\Inno Setup 5;C:\Program Files (x86)\WiX Toolset v3.10\bin;C:\Program Files\Apache\ant\apache-ant-1.10.0\bin;C:\Program Files\Apache\ant\apache-ant-1.10.0\lib;C:\Users\Federico\.dnx\bin;C:\Program Files\Microsoft DNX\Dnvm;C:\Program Files\Microsoft SQL Server\130\Tools\Binn;C:\Program Files\Apache\xalan\xalan-j_2_7_2\xalan.jar;C:\Program Files\Apache\xalan\xalan-j_2_7_2\xercesImpl.jar;C:\Program Files\Apache\xalan\xalan-j_2_7_2\xml-apis.jar;C:\Program Files\Apache\xalan\xalan-j_2_7_2\serializer.jar;C:\Program Files\MySQL\MySQL Utilities 1.6;C:\Program Files\Cobertura\cobertura-2.1.1;C:\Program Files\Notepad++;C:\google\gwt-2.8.0;C:\Program Files\Mic;C:\Users\Federico\AppData\Local\Microsoft\WindowsApps;C:\Users\Federico\Desktop;C:\Program Files\Git\usr\bin\vendor_perl;C:\Program Files\Git\usr\bin\core_perl;."/>
    <property name="gwt.args" value="-war C:\\NunaIT\\Training\\GWT\\TodoList\\target/www-test -logLevel INFO -devMode -nocheckAssertions -XclusterFunctions -XcheckCasts -XclassMetadata -XcodeSplitting -nodraftCompile -XinlineLiteralParameters -XoptimizeDataflow -XordinalizeEnums -XremoveDuplicateFunctions -noshowUi -sourceLevel 1.8 -testBeginTimeout 1 -testMethodTimeout 5 -Xtries 1 -noincremental -precompile simple -runStyle HtmlUnit:FF38"/>
    <property name="java.specification.name" value="Java Platform API Specification"/>
    <property name="java.class.version" value="52.0"/>
    <property name="sun.management.compiler" value="HotSpot 64-Bit Tiered Compilers"/>
    <property name="os.version" value="10.0"/>
    <property name="user.home" value="C:\Users\Federico"/>
    <property name="user.timezone" value="America/Buenos_Aires"/>
    <property name="java.awt.printerjob" value="sun.awt.windows.WPrinterJob"/>
    <property name="java.specification.version" value="1.8"/>
    <property name="file.encoding" value="Cp1252"/>
    <property name="user.name" value="Federico"/>
    <property name="java.class.path" value="C:\NunaIT\Training\GWT\TodoList\target\TodoList-1.0-SNAPSHOT\WEB-INF\classes;C:\NunaIT\Training\GWT\TodoList\src\main\java;C:\NunaIT\Training\GWT\TodoList\target\generated-sources\gwt;C:\NunaIT\Training\GWT\TodoList\src\test\java;C:\NunaIT\Training\GWT\TodoList\src\test\resources;C:\NunaIT\Training\GWT\TodoList\target\test-classes;C:\Users\Federico\.m2\repository\com\google\gwt\gwt-servlet\2.8.0\gwt-servlet-2.8.0.jar;C:\Users\Federico\.m2\repository\com\google\gwt\gwt-user\2.8.0\gwt-user-2.8.0.jar;C:\Users\Federico\.m2\repository\com\google\jsinterop\jsinterop-annotations\1.0.1\jsinterop-annotations-1.0.1.jar;C:\Users\Federico\.m2\repository\com\google\jsinterop\jsinterop-annotations\1.0.1\jsinterop-annotations-1.0.1-sources.jar;C:\Users\Federico\.m2\repository\javax\validation\validation-api\1.0.0.GA\validation-api-1.0.0.GA.jar;C:\Users\Federico\.m2\repository\javax\validation\validation-api\1.0.0.GA\validation-api-1.0.0.GA-sources.jar;C:\Users\Federico\.m2\repository\javax\servlet\javax.servlet-api\3.1.0\javax.servlet-api-3.1.0.jar;C:\Users\Federico\.m2\repository\org\w3c\css\sac\1.3\sac-1.3.jar;C:\Users\Federico\.m2\repository\com\google\gwt\gwt-dev\2.8.0\gwt-dev-2.8.0.jar;C:\Users\Federico\.m2\repository\com\google\code\gson\gson\2.6.2\gson-2.6.2.jar;C:\Users\Federico\.m2\repository\org\ow2\asm\asm\5.0.3\asm-5.0.3.jar;C:\Users\Federico\.m2\repository\org\ow2\asm\asm-util\5.0.3\asm-util-5.0.3.jar;C:\Users\Federico\.m2\repository\org\ow2\asm\asm-tree\5.0.3\asm-tree-5.0.3.jar;C:\Users\Federico\.m2\repository\org\ow2\asm\asm-commons\5.0.3\asm-commons-5.0.3.jar;C:\Users\Federico\.m2\repository\colt\colt\1.2.0\colt-1.2.0.jar;C:\Users\Federico\.m2\repository\ant\ant\1.6.5\ant-1.6.5.jar;C:\Users\Federico\.m2\repository\commons-collections\commons-collections\3.2.2\commons-collections-3.2.2.jar;C:\Users\Federico\.m2\repository\commons-io\commons-io\2.4\commons-io-2.4.jar;C:\Users\Federico\.m2\repository\com\ibm\icu\icu4j\50.1.1\icu4j-50.1.1.jar;C:\Users\Federico\.m2\repository\tapestry\tapestry\4.0.2\tapestry-4.0.2.jar;C:\Users\Federico\.m2\repository\net\sourceforge\htmlunit\htmlunit\2.19\htmlunit-2.19.jar;C:\Users\Federico\.m2\repository\xalan\xalan\2.7.2\xalan-2.7.2.jar;C:\Users\Federico\.m2\repository\xalan\serializer\2.7.2\serializer-2.7.2.jar;C:\Users\Federico\.m2\repository\org\apache\commons\commons-lang3\3.4\commons-lang3-3.4.jar;C:\Users\Federico\.m2\repository\org\apache\httpcomponents\httpclient\4.5.1\httpclient-4.5.1.jar;C:\Users\Federico\.m2\repository\org\apache\httpcomponents\httpcore\4.4.3\httpcore-4.4.3.jar;C:\Users\Federico\.m2\repository\org\apache\httpcomponents\httpmime\4.5.1\httpmime-4.5.1.jar;C:\Users\Federico\.m2\repository\commons-codec\commons-codec\1.10\commons-codec-1.10.jar;C:\Users\Federico\.m2\repository\net\sourceforge\htmlunit\htmlunit-core-js\2.17\htmlunit-core-js-2.17.jar;C:\Users\Federico\.m2\repository\xerces\xercesImpl\2.11.0\xercesImpl-2.11.0.jar;C:\Users\Federico\.m2\repository\xml-apis\xml-apis\1.4.01\xml-apis-1.4.01.jar;C:\Users\Federico\.m2\repository\net\sourceforge\nekohtml\nekohtml\1.9.22\nekohtml-1.9.22.jar;C:\Users\Federico\.m2\repository\net\sourceforge\cssparser\cssparser\0.9.18\cssparser-0.9.18.jar;C:\Users\Federico\.m2\repository\commons-logging\commons-logging\1.2\commons-logging-1.2.jar;C:\Users\Federico\.m2\repository\org\eclipse\jetty\websocket\websocket-client\9.2.13.v20150730\websocket-client-9.2.13.v20150730.jar;C:\Users\Federico\.m2\repository\org\eclipse\jetty\websocket\websocket-common\9.2.14.v20151106\websocket-common-9.2.14.v20151106.jar;C:\Users\Federico\.m2\repository\org\eclipse\jetty\websocket\websocket-api\9.2.14.v20151106\websocket-api-9.2.14.v20151106.jar;C:\Users\Federico\.m2\repository\org\eclipse\jetty\jetty-webapp\9.2.14.v20151106\jetty-webapp-9.2.14.v20151106.jar;C:\Users\Federico\.m2\repository\org\eclipse\jetty\jetty-xml\9.2.14.v20151106\jetty-xml-9.2.14.v20151106.jar;C:\Users\Federico\.m2\repository\org\eclipse\jetty\jetty-servlet\9.2.14.v20151106\jetty-servlet-9.2.14.v20151106.jar;C:\Users\Federico\.m2\repository\org\eclipse\jetty\jetty-security\9.2.14.v20151106\jetty-security-9.2.14.v20151106.jar;C:\Users\Federico\.m2\repository\org\eclipse\jetty\jetty-servlets\9.2.14.v20151106\jetty-servlets-9.2.14.v20151106.jar;C:\Users\Federico\.m2\repository\org\eclipse\jetty\jetty-continuation\9.2.14.v20151106\jetty-continuation-9.2.14.v20151106.jar;C:\Users\Federico\.m2\repository\org\eclipse\jetty\jetty-http\9.2.14.v20151106\jetty-http-9.2.14.v20151106.jar;C:\Users\Federico\.m2\repository\org\eclipse\jetty\jetty-util\9.2.14.v20151106\jetty-util-9.2.14.v20151106.jar;C:\Users\Federico\.m2\repository\org\eclipse\jetty\jetty-io\9.2.14.v20151106\jetty-io-9.2.14.v20151106.jar;C:\Users\Federico\.m2\repository\org\eclipse\jetty\jetty-annotations\9.2.14.v20151106\jetty-annotations-9.2.14.v20151106.jar;C:\Users\Federico\.m2\repository\org\eclipse\jetty\jetty-plus\9.2.14.v20151106\jetty-plus-9.2.14.v20151106.jar;C:\Users\Federico\.m2\repository\org\eclipse\jetty\jetty-jndi\9.2.14.v20151106\jetty-jndi-9.2.14.v20151106.jar;C:\Users\Federico\.m2\repository\javax\annotation\javax.annotation-api\1.2\javax.annotation-api-1.2.jar;C:\Users\Federico\.m2\repository\org\eclipse\jetty\apache-jsp\9.2.14.v20151106\apache-jsp-9.2.14.v20151106.jar;C:\Users\Federico\.m2\repository\org\eclipse\jetty\jetty-server\9.2.14.v20151106\jetty-server-9.2.14.v20151106.jar;C:\Users\Federico\.m2\repository\org\eclipse\jetty\toolchain\jetty-schemas\3.1.M0\jetty-schemas-3.1.M0.jar;C:\Users\Federico\.m2\repository\org\mortbay\jasper\apache-jsp\8.0.9.M3\apache-jsp-8.0.9.M3.jar;C:\Users\Federico\.m2\repository\org\mortbay\jasper\apache-el\8.0.9.M3\apache-el-8.0.9.M3.jar;C:\Users\Federico\.m2\repository\junit\junit\4.12\junit-4.12.jar;C:\Users\Federico\.m2\repository\org\hamcrest\hamcrest-core\1.3\hamcrest-core-1.3.jar;C:\Users\Federico\.m2\repository\com\vaadin\polymer\vaadin-gwt-polymer-elements\1.7.0.0\vaadin-gwt-polymer-elements-1.7.0.0.jar;C:\Users\Federico\.m2\repository\org\codehaus\mojo\gwt-maven-plugin\2.8.0\gwt-maven-plugin-2.8.0.jar;C:\Users\Federico\.m2\repository\org\apache\maven\surefire\surefire-api\2.4.3\surefire-api-2.4.3.jar"/>
    <property name="java.vm.specification.version" value="1.8"/>
    <property name="sun.arch.data.model" value="64"/>
    <property name="java.home" value="C:\Program Files\Java\jdk1.8.0_111\jre"/>
    <property name="sun.java.command" value="org.codehaus.mojo.gwt.test.MavenTestRunner org.gwtproject.tutorial.client.GwtTestTodoList"/>
    <property name="java.specification.vendor" value="Oracle Corporation"/>
    <property name="user.language" value="es"/>
    <property name="awt.toolkit" value="sun.awt.windows.WToolkit"/>
    <property name="java.vm.info" value="mixed mode"/>
    <property name="org.eclipse.jetty.xml.XmlParser.Validating" value="false"/>
    <property name="java.version" value="1.8.0_111"/>
    <property name="java.ext.dirs" value="C:\Program Files\Java\jdk1.8.0_111\jre\lib\ext;C:\WINDOWS\Sun\Java\lib\ext"/>
    <property name="sun.boot.class.path" value="C:\Program Files\Java\jdk1.8.0_111\jre\lib\resources.jar;C:\Program Files\Java\jdk1.8.0_111\jre\lib\rt.jar;C:\Program Files\Java\jdk1.8.0_111\jre\lib\sunrsasign.jar;C:\Program Files\Java\jdk1.8.0_111\jre\lib\jsse.jar;C:\Program Files\Java\jdk1.8.0_111\jre\lib\jce.jar;C:\Program Files\Java\jdk1.8.0_111\jre\lib\charsets.jar;C:\Program Files\Java\jdk1.8.0_111\jre\lib\jfr.jar;C:\Program Files\Java\jdk1.8.0_111\jre\classes"/>
    <property name="java.vendor" value="Oracle Corporation"/>
    <property name="file.separator" value="\"/>
    <property name="java.vendor.url.bug" value="http://bugreport.sun.com/bugreport/"/>
    <property name="sun.cpu.endian" value="little"/>
    <property name="sun.io.unicode.encoding" value="UnicodeLittle"/>
    <property name="sun.desktop" value="windows"/>
    <property name="sun.cpu.isalist" value="amd64"/>
  </properties>
  <testcase classname="org.gwtproject.tutorial.client.GwtTestTodoList" name="testFieldVerifier" time="58.686"/>
</testsuite>